This is pdfTeX, Version 3.14159265-2.6-1.40.21 (TeX Live 2020/Debian) (preloaded format=pdflatex 2021.9.10)  2 OCT 2021 17:23
entering extended mode
 restricted \write18 enabled.
 %&-line parsing enabled.
**tesi.tex
(./tesi.tex
LaTeX2e <2020-02-02> patch level 5
L3 programming layer <2020-07-17>
(/usr/share/texlive/texmf-dist/tex/latex/base/book.cls
Document Class: book 2019/12/20 v1.4l Standard LaTeX document class
(/usr/share/texlive/texmf-dist/tex/latex/base/bk11.clo
File: bk11.clo 2019/12/20 v1.4l Standard LaTeX file (size option)
)
\c@part=\count168
\c@chapter=\count169
\c@section=\count170
\c@subsection=\count171
\c@subsubsection=\count172
\c@paragraph=\count173
\c@subparagraph=\count174
\c@figure=\count175
\c@table=\count176
\abovecaptionskip=\skip47
\belowcaptionskip=\skip48
\bibindent=\dimen134
)
(/usr/share/texlive/texmf-dist/tex/latex/graphics/graphicx.sty
Package: graphicx 2019/11/30 v1.2a Enhanced LaTeX Graphics (DPC,SPQR)

(/usr/share/texlive/texmf-dist/tex/latex/graphics/keyval.sty
Package: keyval 2014/10/28 v1.15 key=value parser (DPC)
\KV@toks@=\toks15
)
(/usr/share/texlive/texmf-dist/tex/latex/graphics/graphics.sty
Package: graphics 2019/11/30 v1.4a Standard LaTeX Graphics (DPC,SPQR)

(/usr/share/texlive/texmf-dist/tex/latex/graphics/trig.sty
Package: trig 2016/01/03 v1.10 sin cos tan (DPC)
)
(/usr/share/texlive/texmf-dist/tex/latex/graphics-cfg/graphics.cfg
File: graphics.cfg 2016/06/04 v1.11 sample graphics configuration
)
Package graphics Info: Driver file: pdftex.def on input line 105.

(/usr/share/texlive/texmf-dist/tex/latex/graphics-def/pdftex.def
File: pdftex.def 2018/01/08 v1.0l Graphics/color driver for pdftex
))
\Gin@req@height=\dimen135
\Gin@req@width=\dimen136
)
(/usr/share/texlive/texmf-dist/tex/latex/fancyhdr/fancyhdr.sty
Package: fancyhdr 2019/01/31 v3.10 Extensive control of page headers and footer
s
\f@nch@headwidth=\skip49
\f@nch@O@elh=\skip50
\f@nch@O@erh=\skip51
\f@nch@O@olh=\skip52
\f@nch@O@orh=\skip53
\f@nch@O@elf=\skip54
\f@nch@O@erf=\skip55
\f@nch@O@olf=\skip56
\f@nch@O@orf=\skip57
)
(/usr/share/texlive/texmf-dist/tex/latex/setspace/setspace.sty
Package: setspace 2011/12/19 v6.7a set line spacing
)
(/usr/share/texlive/texmf-dist/tex/latex/tools/longtable.sty
Package: longtable 2020/01/07 v4.13 Multi-page Table package (DPC)
\LTleft=\skip58
\LTright=\skip59
\LTpre=\skip60
\LTpost=\skip61
\LTchunksize=\count177
\LTcapwidth=\dimen137
\LT@head=\box45
\LT@firsthead=\box46
\LT@foot=\box47
\LT@lastfoot=\box48
\LT@cols=\count178
\LT@rows=\count179
\c@LT@tables=\count180
\c@LT@chunks=\count181
\LT@p@ftn=\toks16
)
(/usr/share/texlive/texmf-dist/tex/latex/hyperref/hyperref.sty
Package: hyperref 2020-05-15 v7.00e Hypertext links for LaTeX

(/usr/share/texlive/texmf-dist/tex/generic/ltxcmds/ltxcmds.sty
Package: ltxcmds 2019/12/15 v1.24 LaTeX kernel commands for general use (HO)
)
(/usr/share/texlive/texmf-dist/tex/generic/iftex/iftex.sty
Package: iftex 2020/03/06 v1.0d TeX engine tests
)
(/usr/share/texlive/texmf-dist/tex/generic/pdftexcmds/pdftexcmds.sty
Package: pdftexcmds 2020-06-27 v0.33 Utility functions of pdfTeX for LuaTeX (HO
)

(/usr/share/texlive/texmf-dist/tex/generic/infwarerr/infwarerr.sty
Package: infwarerr 2019/12/03 v1.5 Providing info/warning/error messages (HO)
)
Package pdftexcmds Info: \pdf@primitive is available.
Package pdftexcmds Info: \pdf@ifprimitive is available.
Package pdftexcmds Info: \pdfdraftmode found.
)
(/usr/share/texlive/texmf-dist/tex/generic/kvsetkeys/kvsetkeys.sty
Package: kvsetkeys 2019/12/15 v1.18 Key value parser (HO)
)
(/usr/share/texlive/texmf-dist/tex/generic/kvdefinekeys/kvdefinekeys.sty
Package: kvdefinekeys 2019-12-19 v1.6 Define keys (HO)
)
(/usr/share/texlive/texmf-dist/tex/generic/pdfescape/pdfescape.sty
Package: pdfescape 2019/12/09 v1.15 Implements pdfTeX's escape features (HO)
)
(/usr/share/texlive/texmf-dist/tex/latex/hycolor/hycolor.sty
Package: hycolor 2020-01-27 v1.10 Color options for hyperref/bookmark (HO)
)
(/usr/share/texlive/texmf-dist/tex/latex/letltxmacro/letltxmacro.sty
Package: letltxmacro 2019/12/03 v1.6 Let assignment for LaTeX macros (HO)
)
(/usr/share/texlive/texmf-dist/tex/latex/auxhook/auxhook.sty
Package: auxhook 2019-12-17 v1.6 Hooks for auxiliary files (HO)
)
(/usr/share/texlive/texmf-dist/tex/latex/kvoptions/kvoptions.sty
Package: kvoptions 2019/11/29 v3.13 Key value format for package options (HO)
)
\@linkdim=\dimen138
\Hy@linkcounter=\count182
\Hy@pagecounter=\count183

(/usr/share/texlive/texmf-dist/tex/latex/hyperref/pd1enc.def
File: pd1enc.def 2020-05-15 v7.00e Hyperref: PDFDocEncoding definition (HO)
Now handling font encoding PD1 ...
... no UTF-8 mapping file for font encoding PD1
)
(/usr/share/texlive/texmf-dist/tex/generic/intcalc/intcalc.sty
Package: intcalc 2019/12/15 v1.3 Expandable calculations with integers (HO)
)
(/usr/share/texlive/texmf-dist/tex/generic/etexcmds/etexcmds.sty
Package: etexcmds 2019/12/15 v1.7 Avoid name clashes with e-TeX commands (HO)
)
\Hy@SavedSpaceFactor=\count184
Package hyperref Info: Option `colorlinks' set `true' on input line 4338.
Package hyperref Info: Hyper figures OFF on input line 4464.
Package hyperref Info: Link nesting OFF on input line 4469.
Package hyperref Info: Hyper index ON on input line 4472.
Package hyperref Info: Plain pages OFF on input line 4479.
Package hyperref Info: Backreferencing OFF on input line 4484.
Package hyperref Info: Implicit mode ON; LaTeX internals redefined.
Package hyperref Info: Bookmarks ON on input line 4717.
\c@Hy@tempcnt=\count185

(/usr/share/texlive/texmf-dist/tex/latex/url/url.sty
\Urlmuskip=\muskip16
Package: url 2013/09/16  ver 3.4  Verb mode for urls, etc.
)
LaTeX Info: Redefining \url on input line 5076.
\XeTeXLinkMargin=\dimen139

(/usr/share/texlive/texmf-dist/tex/generic/bitset/bitset.sty
Package: bitset 2019/12/09 v1.3 Handle bit-vector datatype (HO)

(/usr/share/texlive/texmf-dist/tex/generic/bigintcalc/bigintcalc.sty
Package: bigintcalc 2019/12/15 v1.5 Expandable calculations on big integers (HO
)
))
\Fld@menulength=\count186
\Field@Width=\dimen140
\Fld@charsize=\dimen141
Package hyperref Info: Hyper figures OFF on input line 6347.
Package hyperref Info: Link nesting OFF on input line 6352.
Package hyperref Info: Hyper index ON on input line 6355.
Package hyperref Info: backreferencing OFF on input line 6362.
Package hyperref Info: Link coloring ON on input line 6365.
Package hyperref Info: Link coloring with OCG OFF on input line 6372.
Package hyperref Info: PDF/A mode OFF on input line 6377.
LaTeX Info: Redefining \ref on input line 6417.
LaTeX Info: Redefining \pageref on input line 6421.

(/usr/share/texlive/texmf-dist/tex/generic/atbegshi/atbegshi.sty
Package: atbegshi 2019/12/05 v1.19 At begin shipout hook (HO)
)
\Hy@abspage=\count187
\c@Item=\count188
\c@Hfootnote=\count189
)
Package hyperref Info: Driver (autodetected): hpdftex.

(/usr/share/texlive/texmf-dist/tex/latex/hyperref/hpdftex.def
File: hpdftex.def 2020-05-15 v7.00e Hyperref driver for pdfTeX

(/usr/share/texlive/texmf-dist/tex/latex/atveryend/atveryend.sty
Package: atveryend 2019-12-11 v1.11 Hooks at the very end of document (HO)
Package atveryend Info: \enddocument detected (standard20110627).
)
\Fld@listcount=\count190
\c@bookmark@seq@number=\count191

(/usr/share/texlive/texmf-dist/tex/latex/rerunfilecheck/rerunfilecheck.sty
Package: rerunfilecheck 2019/12/05 v1.9 Rerun checks for auxiliary files (HO)

(/usr/share/texlive/texmf-dist/tex/generic/uniquecounter/uniquecounter.sty
Package: uniquecounter 2019/12/15 v1.4 Provide unlimited unique counter (HO)
)
Package uniquecounter Info: New unique counter `rerunfilecheck' on input line 2
86.
)
\Hy@SectionHShift=\skip62
)
(/usr/share/texlive/texmf-dist/tex/generic/babel/babel.sty
Package: babel 2020/07/13 3.47 The Babel package

(/usr/share/texlive/texmf-dist/tex/generic/babel/babel.def
File: babel.def 2020/07/13 3.47 Babel common definitions
\babel@savecnt=\count192
\U@D=\dimen142
\l@babelnohyphens=\language4

(/usr/share/texlive/texmf-dist/tex/generic/babel/txtbabel.def)
\bbl@readstream=\read2
)
\bbl@dirlevel=\count193

(/usr/share/texlive/texmf-dist/tex/generic/babel-italian/italian.ldf
Language: italian 2020/05/21 v.1.4.04 Italian support for the babel system
\it@lettering=\count194
\it@doublequoteactive=\count195
\it@ISOcompliance=\count196
))
(/usr/share/texlive/texmf-dist/tex/latex/etoolbox/etoolbox.sty
Package: etoolbox 2020/07/15 v2.5i e-TeX tools for LaTeX (JAW)
\etb@tempcnta=\count197
)
(/usr/share/texlive/texmf-dist/tex/latex/listings/listings.sty
\lst@mode=\count198
\lst@gtempboxa=\box49
\lst@token=\toks17
\lst@length=\count199
\lst@currlwidth=\dimen143
\lst@column=\count266
\lst@pos=\count267
\lst@lostspace=\dimen144
\lst@width=\dimen145
\lst@newlines=\count268
\lst@lineno=\count269
\lst@maxwidth=\dimen146

(/usr/share/texlive/texmf-dist/tex/latex/listings/lstmisc.sty
File: lstmisc.sty 2020/03/24 1.8d (Carsten Heinz)
\c@lstnumber=\count270
\lst@skipnumbers=\count271
\lst@framebox=\box50
)
(/usr/share/texlive/texmf-dist/tex/latex/listings/listings.cfg
File: listings.cfg 2020/03/24 1.8d listings configuration
))
Package: listings 2020/03/24 1.8d (Carsten Heinz)
Package hyperref Info: Option `bookmarksnumbered' set `true' on input line 21.

(/usr/share/texlive/texmf-dist/tex/latex/geometry/geometry.sty
Package: geometry 2020/01/02 v5.9 Page Geometry

(/usr/share/texlive/texmf-dist/tex/generic/iftex/ifvtex.sty
Package: ifvtex 2019/10/25 v1.7 ifvtex legacy package. Use iftex instead.
)
\Gm@cnth=\count272
\Gm@cntv=\count273
\c@Gm@tempcnt=\count274
\Gm@bindingoffset=\dimen147
\Gm@wd@mp=\dimen148
\Gm@odd@mp=\dimen149
\Gm@even@mp=\dimen150
\Gm@layoutwidth=\dimen151
\Gm@layoutheight=\dimen152
\Gm@layouthoffset=\dimen153
\Gm@layoutvoffset=\dimen154
\Gm@dimlist=\toks18
)
(/usr/share/texlive/texmf-dist/tex/latex/l3backend/l3backend-pdfmode.def
File: l3backend-pdfmode.def 2020-06-29 L3 backend support: PDF mode
\l__kernel_color_stack_int=\count275
\l__pdf_internal_box=\box51
)
(./tesi.aux

LaTeX Warning: Label `fig:bernersLee' multiply defined.

)
\openout1 = `tesi.aux'.

LaTeX Font Info:    Checking defaults for OML/cmm/m/it on input line 29.
LaTeX Font Info:    ... okay on input line 29.
LaTeX Font Info:    Checking defaults for OMS/cmsy/m/n on input line 29.
LaTeX Font Info:    ... okay on input line 29.
LaTeX Font Info:    Checking defaults for OT1/cmr/m/n on input line 29.
LaTeX Font Info:    ... okay on input line 29.
LaTeX Font Info:    Checking defaults for T1/cmr/m/n on input line 29.
LaTeX Font Info:    ... okay on input line 29.
LaTeX Font Info:    Checking defaults for TS1/cmr/m/n on input line 29.
LaTeX Font Info:    ... okay on input line 29.
LaTeX Font Info:    Checking defaults for OMX/cmex/m/n on input line 29.
LaTeX Font Info:    ... okay on input line 29.
LaTeX Font Info:    Checking defaults for U/cmr/m/n on input line 29.
LaTeX Font Info:    ... okay on input line 29.
LaTeX Font Info:    Checking defaults for PD1/pdf/m/n on input line 29.
LaTeX Font Info:    ... okay on input line 29.
 (/usr/share/texlive/texmf-dist/tex/context/base/mkii/supp-pdf.mkii
[Loading MPS to PDF converter (version 2006.09.02).]
\scratchcounter=\count276
\scratchdimen=\dimen155
\scratchbox=\box52
\nofMPsegments=\count277
\nofMParguments=\count278
\everyMPshowfont=\toks19
\MPscratchCnt=\count279
\MPscratchDim=\dimen156
\MPnumerator=\count280
\makeMPintoPDFobject=\count281
\everyMPtoPDFconversion=\toks20
) (/usr/share/texlive/texmf-dist/tex/latex/epstopdf-pkg/epstopdf-base.sty
Package: epstopdf-base 2020-01-24 v2.11 Base part for package epstopdf
Package epstopdf-base Info: Redefining graphics rule for `.eps' on input line 4
85.

(/usr/share/texlive/texmf-dist/tex/latex/latexconfig/epstopdf-sys.cfg
File: epstopdf-sys.cfg 2010/07/13 v1.3 Configuration of (r)epstopdf for TeX Liv
e
))
\AtBeginShipoutBox=\box53

(/usr/share/texlive/texmf-dist/tex/latex/graphics/color.sty
Package: color 2019/11/23 v1.2a Standard LaTeX Color (DPC)

(/usr/share/texlive/texmf-dist/tex/latex/graphics-cfg/color.cfg
File: color.cfg 2016/01/02 v1.6 sample color configuration
)
Package color Info: Driver file: pdftex.def on input line 147.
)
Package hyperref Info: Link coloring ON on input line 29.

(/usr/share/texlive/texmf-dist/tex/latex/hyperref/nameref.sty
Package: nameref 2019/09/16 v2.46 Cross-referencing by name of section

(/usr/share/texlive/texmf-dist/tex/latex/refcount/refcount.sty
Package: refcount 2019/12/15 v3.6 Data extraction from label references (HO)
)
(/usr/share/texlive/texmf-dist/tex/generic/gettitlestring/gettitlestring.sty
Package: gettitlestring 2019/12/15 v1.6 Cleanup title references (HO)
)
\c@section@level=\count282
)
LaTeX Info: Redefining \ref on input line 29.
LaTeX Info: Redefining \pageref on input line 29.
LaTeX Info: Redefining \nameref on input line 29.

(./tesi.out) (./tesi.out)
\@outlinefile=\write3
\openout3 = `tesi.out'.

LaTeX Info: Redefining \it@ocap on input line 29.
LaTeX Info: Redefining \it@ccap on input line 29.


File italian.ldf warning: 
italian.ldf    With OT1 encoding guillemets are poorly faked
italian.ldf    Use T1 encoding
italian.ldf    or specify a font with command \CaporaliFrom
italian.ldf    See the documentation concerning the babel-italian typesetting 
italian.ldf    on input line 29.

\c@lstlisting=\count283
*geometry* driver: auto-detecting
*geometry* detected driver: pdftex
*geometry* verbose mode - [ preamble ] result:
* driver: pdftex
* paper: a4paper
* layout: <same size as paper>
* layoutoffset:(h,v)=(0.0pt,0.0pt)
* modes: 
* h-part:(L,W,R)=(89.62709pt, 418.25368pt, 89.6271pt)
* v-part:(T,H,B)=(101.40665pt, 591.5302pt, 152.11pt)
* \paperwidth=597.50787pt
* \paperheight=845.04684pt
* \textwidth=418.25368pt
* \textheight=666.5302pt
* \oddsidemargin=30.0pt
* \evensidemargin=17.3571pt
* \topmargin=-2.73714pt
* \headheight=12.0pt
* \headsep=19.8738pt
* \topskip=11.0pt
* \footskip=27.46295pt
* \marginparwidth=53.0pt
* \marginparsep=7.0pt
* \columnsep=10.0pt
* \skip\footins=10.0pt plus 4.0pt minus 2.0pt
* \hoffset=0.0pt
* \voffset=0.0pt
* \mag=1000
* \@twocolumnfalse
* \@twosidefalse
* \@mparswitchfalse
* \@reversemarginfalse
* (1in=72.27pt=25.4mm, 1cm=28.453pt)

<fig/logounipg2021.png, id=168, 523.7166pt x 255.5949pt>
File: fig/logounipg2021.png Graphic file (type png)
<use fig/logounipg2021.png>
Package pdftex.def Info: fig/logounipg2021.png  used on input line 35.
(pdftex.def)             Requested size: 271.86234pt x 132.6839pt.
LaTeX Font Info:    External font `cmex10' loaded for size
(Font)              <10.95> on input line 48.
LaTeX Font Info:    External font `cmex10' loaded for size
(Font)              <8> on input line 48.
LaTeX Font Info:    External font `cmex10' loaded for size
(Font)              <6> on input line 48.
[1


{/var/lib/texmf/fonts/map/pdftex/updmap/pdftex.map} <./fig/logounipg2021.png>]p
dfTeX warning (ext4): destination with the same identifier (name{page.1}) has b
een already used, duplicate ignored
<to be read again> 
                   \relax 
l.67 \newpage
              [1]

Package Fancyhdr Warning: \fancyhead's `E' option without twoside option is use
less on input line 75.


Package Fancyhdr Warning: \fancyhead's `E' option without twoside option is use
less on input line 76.

(./tesi.toc [2

])
\tf@toc=\write4
\openout4 = `tesi.toc'.

 (./cap1_introduzione.tex

Package Fancyhdr Warning: \headheight is too small (12.0pt): 
Make it at least 13.59999pt.
We now make it that large for the rest of the document.
This may cause the page layout to be inconsistent, however.

[3]
Capitolo 1.
[4

] [5] [6

]) (./cap2_concettiPreliminari.tex
Capitolo 2.
[7


]
Overfull \hbox (1.1273pt too wide) in paragraph at lines 41--44
[]\OT1/cmtt/m/n/10.95 WebId\OT1/cmr/m/n/10.95 : un \OT1/cmtt/m/n/10.95 Internat
ionalised Resource Identifier (IRI) \OT1/cmr/m/n/10.95 ne-ces-sa-rio per iden-
 []

[8] [9]
LaTeX Font Info:    Trying to load font information for OML+cmr on input line 9
1.
 (/usr/share/texlive/texmf-dist/tex/latex/base/omlcmr.fd
File: omlcmr.fd 2019/12/16 v2.5j Standard LaTeX font definitions
)
LaTeX Font Info:    Font shape `OML/cmr/m/n' in size <10.95> not available
(Font)              Font shape `OML/cmm/m/it' tried instead on input line 91.
<fig/linkedData.png, id=277, 776.9025pt x 523.9575pt>
File: fig/linkedData.png Graphic file (type png)
<use fig/linkedData.png>
Package pdftex.def Info: fig/linkedData.png  used on input line 105.
(pdftex.def)             Requested size: 363.87865pt x 245.4126pt.
 [10 <./fig/linkedData.png>] [11]
Overfull \hbox (10.1028pt too wide) in paragraph at lines 189--190
\OT1/cmr/m/n/10.95 Spesso le ap-pli-ca-zio-ni \OT1/cmtt/m/n/10.95 Solid \OT1/cm
r/m/n/10.95 ne-ces-si-ta-no di au-ten-ti-car-si con il/i \OT1/cmtt/m/n/10.95 So
lid Identity Provider
 []

[12] [13]
Overfull \hbox (25.16104pt too wide) in paragraph at lines 267--272
[][]\OT1/cmr/m/n/10.95 https://docs.inrupt.com/developer-tools/javascript/clien
t-libraries/tutorial/read-write-data/[][]
 []

[14] [15]
Overfull \hbox (2.64902pt too wide) in paragraph at lines 335--336
\OT1/cmtt/m/n/10.95 Node.js \OT1/cmr/m/n/10.95 ^^Re un \OT1/cmtt/m/n/10.95 runt
ime system open source \OT1/cmr/m/n/10.95 mul-ti-piat-ta-for-ma \OT1/cmtt/m/n/1
0.95 orientato agli eventi\OT1/cmr/m/n/10.95 .
 []

[16] [17

]) (./cap3_motivazioni.tex
Capitolo 3.
<fig/Berners-Lee.jpg, id=336, 1204.5pt x 903.375pt>
File: fig/Berners-Lee.jpg Graphic file (type jpg)
<use fig/Berners-Lee.jpg>
Package pdftex.def Info: fig/Berners-Lee.jpg  used on input line 12.
(pdftex.def)             Requested size: 363.87865pt x 272.90305pt.
[18


 <./fig/Berners-Lee.jpg>]
Overfull \hbox (15.90451pt too wide) in paragraph at lines 43--44
[]\OT1/cmr/bx/n/10.95 "Political ad-ver-ti-sing on-li-ne needs trans-pa-ren-cy 
and un-der-stan-ding"\OT1/cmr/m/n/10.95 . Berners-
 []


Overfull \hbox (21.08414pt too wide) in paragraph at lines 56--57
\OT1/cmr/m/n/10.95 Queste con-si-de-ra-zio-ni han-no por-ta-to al-la na-sci-ta 
del pro-get-to \OT1/cmtt/m/n/10.95 Solid \OT1/cmr/m/n/10.95 da par-te di \OT1/c
mtt/m/n/10.95 Berners-Lee\OT1/cmr/m/n/10.95 .
 []

[19] [20] [21]) (./cap4_problemaAffrontato.tex
Capitolo 4.

Overfull \hbox (9.27962pt too wide) in paragraph at lines 14--15
[]\OT1/cmr/m/n/10.95 La se-con-da ap-pli-ca-zio-ne trat-ta-ta in que-sto ela-bo
-ra-to di te-si, chia-ma-ta \OT1/cmtt/m/n/10.95 blog-validator\OT1/cmr/m/n/10.9
5 ,
 []


Overfull \hbox (7.78964pt too wide) in paragraph at lines 22--23
\OT1/cmr/m/n/10.95 Il si-ste-ma \OT1/cmtt/m/n/10.95 SADeB \OT1/cmr/m/n/10.95 co
n-si-ste di due ap-pli-ca-zio-ni dif-fe-ren-ti: \OT1/cmtt/m/n/10.95 my-solid-bl
og \OT1/cmr/m/n/10.95 e \OT1/cmtt/m/n/10.95 blog-validator\OT1/cmr/m/n/10.95 .
 []

[22


]
Overfull \hbox (3.88608pt too wide) in paragraph at lines 33--34
\OT1/cmtt/m/n/10.95 Articlelist.ttl\OT1/cmr/m/n/10.95 . A tal pro-po-si-to \OT1
/cmtt/m/n/10.95 my-solid-blog \OT1/cmr/m/n/10.95 de-ve uti-liz-za-re le li-bre-
rie \OT1/cmtt/m/n/10.95 Inrupt
 []

[23]
Overfull \hbox (2.1012pt too wide) in paragraph at lines 46--47
[]\OT1/cmr/m/n/10.95 Vengono qui di se-gui-to elen-ca-te le spe-ci-fi-che re-la
-ti-ve al-l'ap-pli-ca-zio-ne \OT1/cmtt/m/n/10.95 blog-validator\OT1/cmr/m/n/10.
95 . 
 []

[24]
Overfull \hbox (27.43956pt too wide) in paragraph at lines 77--78
[]$\OML/cmm/m/it/10.95 getSolidDataset\OT1/cmr/m/n/10.95 (\OML/cmm/m/it/10.95 u
rl; options\OT1/cmr/m/n/10.95 ?) : \OML/cmm/m/it/10.95 Promise < SolidDataset\O
T1/cmr/m/n/10.95 &\OML/cmm/m/it/10.95 WithServerResourceInfo >$ 
 []


Overfull \hbox (7.59726pt too wide) in paragraph at lines 86--87
[]$\OML/cmm/m/it/10.95 saveSolidDatasetAt < Dataset > \OT1/cmr/m/n/10.95 (\OML/
cmm/m/it/10.95 url; solidDataset; options\OT1/cmr/m/n/10.95 ?) : \OML/cmm/m/it/
10.95 Promise < Dataset[] 
 []

[25] [26]
Overfull \hbox (42.27728pt too wide) in paragraph at lines 206--207
\OT1/cmr/m/n/10.95 uti-liz-za-ti an-che i com-po-nen-ti del-la li-bre-ria \OT1/
cmtt/m/n/10.95 Inrupt solid-ui-react $\OML/cmm/m/it/10.95 < CombinedDataProvide
r >$
 []

[27] [28]) (./cap5_sistemaSADeB.tex
Capitolo 5.
[29


]
Overfull \hbox (1.73848pt too wide) in paragraph at lines 54--55
\OT1/cmr/m/n/10.95 che va-da a cam-bia-re il con-te-nu-to del-la car-tel-la \OT
1/cmtt/m/n/10.95 node-modules \OT1/cmr/m/n/10.95 o il fi-le \OT1/cmtt/m/n/10.95
 package.json\OT1/cmr/m/n/10.95 .
 []

[30]
Overfull \hbox (2.56056pt too wide) in paragraph at lines 81--82
[]\OT1/cmtt/m/n/10.95 EntryArea.js\OT1/cmr/m/n/10.95 : si oc-cu-pa di ren-de-ri
z-za-re l'in-ter-fac-cia gra-fi-ca del-l'ap-pli-ca-zio-ne quan-
 []

[31]
<fig/Dependencies.png, id=413, 598.235pt x 382.42876pt>
File: fig/Dependencies.png Graphic file (type png)
<use fig/Dependencies.png>
Package pdftex.def Info: fig/Dependencies.png  used on input line 109.
(pdftex.def)             Requested size: 363.87865pt x 232.61595pt.
 [32 <./fig/Dependencies.png>]
LaTeX Font Info:    Trying to load font information for OMS+cmr on input line 1
38.

(/usr/share/texlive/texmf-dist/tex/latex/base/omscmr.fd
File: omscmr.fd 2019/12/16 v2.5j Standard LaTeX font definitions
)
LaTeX Font Info:    Font shape `OMS/cmr/m/n' in size <10.95> not available
(Font)              Font shape `OMS/cmsy/m/n' tried instead on input line 138.
 [33]
Overfull \hbox (18.40677pt too wide) in paragraph at lines 191--192
\OT1/cmr/m/n/10.95 ^^Re una ri-sor-sa pub-bli-ca-men-te ac-ces-si-bi-le, \OT1/c
mtt/m/n/10.95 my-solid-blog \OT1/cmr/m/n/10.95 ri-por-ta al-l'in-ter-no del \OT
1/cmtt/m/n/10.95 SolidDataset
 []

[34]
Overfull \hbox (8.431pt too wide) in paragraph at lines 199--200
\OT1/cmr/m/n/10.95 Nel mo-men-to in cui l'ap-pli-ca-zio-ne vie-ne av-via-ta, es
-sa ne-ces-si-ta di sca-ri-ca-re il \OT1/cmtt/m/n/10.95 SolidDataset
 []


Overfull \hbox (8.30882pt too wide) in paragraph at lines 202--203
\OT1/cmtt/m/n/10.95 Provider \OT1/cmr/m/n/10.95 al-lo-ra l'ap-pli-ca-zio-ne pu^
^Ro leg-ge-re la sua \OT1/cmtt/m/n/10.95 webId \OT1/cmr/m/n/10.95 uti-liz-zan-d
o l'og-get-to \OT1/cmtt/m/n/10.95 session
 []


Overfull \hbox (10.13272pt too wide) in paragraph at lines 204--205
\OT1/cmtt/m/n/10.95 Solid\OT1/cmr/m/n/10.95 , vie-ne uti-liz-za-to al-l'in-ter-
no del-l'og-get-to \OT1/cmtt/m/n/10.95 me \OT1/cmr/m/n/10.95 per sal-va-re l'UR
L del \OT1/cmtt/m/n/10.95 SolidDataset 
 []


Overfull \hbox (20.86061pt too wide) in paragraph at lines 205--206
\OT1/cmr/m/n/10.95 ac-ces-si-bi-li pub-bli-ca-men-te al-l'in-ter-no del \OT1/cm
tt/m/n/10.95 Pod\OT1/cmr/m/n/10.95 . L'ap-pli-ca-zio-ne usa \OT1/cmtt/m/n/10.95
 publicTypeIndex.ttl
 []


Overfull \hbox (3.95952pt too wide) in paragraph at lines 205--206
\OT1/cmr/m/n/10.95 per con-trol-la-re se esi-te un og-get-to al suo in-ter-no c
he si ri-fe-ri-sce ad \OT1/cmtt/m/n/10.95 articlelist.ttl\OT1/cmr/m/n/10.95 . 
 []


Overfull \hbox (30.42125pt too wide) in paragraph at lines 206--207
[]\OT1/cmr/m/n/10.95 Se esi-ste ta-le og-get-to ri-fe-ri-to ad \OT1/cmtt/m/n/10
.95 articlelist.ttl\OT1/cmr/m/n/10.95 , que-sto si-gni-fi-ca che ta-le \OT1/cmt
t/m/n/10.95 SolidDataset
 []

[35]
Overfull \hbox (11.35059pt too wide) in paragraph at lines 210--211
[]\OT1/cmr/m/n/10.95 Come ul-ti-ma ope-ra-zio-ne vie-ne crea-to un og-get-to al
-l'in-ter-no di \OT1/cmtt/m/n/10.95 publicTypeIndex.ttl\OT1/cmr/m/n/10.95 ,
 []


Overfull \hbox (4.1059pt too wide) in paragraph at lines 223--224
[]\OT1/cmr/m/n/10.95 I sin-go-li ar-ti-co-li so-no sta-ti de-fi-ni-ti uti-liz-z
an-do il vo-ca-bo-la-rio \OT1/cmtt/m/n/10.95 RDF http://schema.org/\OT1/cmr/m/n
/10.95 ,
 []

[36]
Overfull \hbox (26.01097pt too wide) in paragraph at lines 246--247
\OT1/cmtt/m/n/10.95 Articlelist.ttl\OT1/cmr/m/n/10.95 , di ren-de-riz-za-re e g
e-sti-re la li-sta di ar-ti-co-li pre-sen-ti im-por-tan-do \OT1/cmtt/m/n/10.95 
Article.js\OT1/cmr/m/n/10.95 ,
 []

[37]
Overfull \hbox (4.99776pt too wide) in paragraph at lines 287--288
\OT1/cmtt/m/n/10.95 blog-validator \OT1/cmr/m/n/10.95 uti-liz-za la por-ta \OT1
/cmtt/m/n/10.95 8081\OT1/cmr/m/n/10.95 . Gli ar-go-men-ti pas-sa-ti al-la fun-z
io-ne \OT1/cmtt/m/n/10.95 axios.post()
 []


Overfull \hbox (18.37503pt too wide) in paragraph at lines 287--288
\OT1/cmr/m/n/10.95 so-no i se-guen-ti: l'URL su cui il ser-ver ^^Re in ascol-to
, che ^^Re pa-ri a \OT1/cmtt/m/n/10.95 http://localhost:8081/auth
 []

[38] [39] [40] [41

] [42

]
Overfull \hbox (29.63144pt too wide) in paragraph at lines 433--434
\OT1/cmr/m/n/10.95 trol-la-re l'au-ten-ti-cit^^Ra dei da-ti ri-guar-dan-ti un a
r-ti-co-lo mo-stra-to dal-l'ap-pli-ca-zio-ne \OT1/cmtt/m/n/10.95 my-solid-blog\
OT1/cmr/m/n/10.95 .
 []


Overfull \hbox (0.55255pt too wide) in paragraph at lines 439--440
[]\OT1/cmr/m/n/10.95 Una vol-ta sca-ri-ca-to il \OT1/cmtt/m/n/10.95 SolidDatase
t \OT1/cmr/m/n/10.95 in que-stio-ne, at-tra-ver-so la pro-priet^^Ra \OT1/cmtt/m
/n/10.95 urlThing\OT1/cmr/m/n/10.95 ,
 []

[43]
Overfull \hbox (11.52953pt too wide) in paragraph at lines 450--451
[]\OT1/cmtt/m/n/10.95 "Article of " + req.body.webId + " found, but the title o
r the content
 []


Overfull \hbox (18.92474pt too wide) in paragraph at lines 451--452
[]\OT1/cmr/m/n/10.95 Se il ti-to-lo e il con-te-nu-to del-l'ar-ti-co-lo cor-ri-
spon-do-no a quel-li ri-ce-vu-ti da \OT1/cmtt/m/n/10.95 my-solid-blog\OT1/cmr/m
/n/10.95 ,
 []


Overfull \hbox (36.59676pt too wide) in paragraph at lines 457--458
[]\OT1/cmr/m/n/10.95 Se c'^^Re cor-ri-spon-den-za an-che sul-la da-ta di pub-bl
i-ca-zio-ne del-l'ar-ti-co-lo al-lo-ra \OT1/cmtt/m/n/10.95 blog-validator
 []


Overfull \hbox (9.81728pt too wide) in paragraph at lines 486--487
[]\OT1/cmtt/m/n/10.95 urlDataset\OT1/cmr/m/n/10.95 : URL del \OT1/cmtt/m/n/10.9
5 SolidDataset \OT1/cmr/m/n/10.95 do-ve ^^Re me-mo-riz-za-to il blog. Ta-le \OT
1/cmtt/m/n/10.95 SolidDataset
 []

[44] [45] [46]) (./cap6_conclusioni.tex
Capitolo 6.
[47


] [48]) (./tesi.bbl
Underfull \hbox (badness 2384) in paragraph at lines 4--9
[]\OT1/cmr/m/n/10.95 Sir Tim Berners-Lee.  World wi-de web foun-da-tion, th-ree
 chal-len-ges for
 []


Underfull \hbox (badness 10000) in paragraph at lines 16--22
\OT1/cmtt/m/n/10.95 com / 90243936 / exclusive-[]tim-[]berners-[]lee-[]tells-[]
us-[]his-[]radical \
 []


Underfull \hbox (badness 3590) in paragraph at lines 24--29
\OT1/cmr/m/n/10.95 in-ter-net search.  [][]$\OT1/cmtt/m/n/10.95 https : / / www
 . theguardian . com / technology / 2016 / dec / 04 /
 []


Underfull \hbox (badness 10000) in paragraph at lines 35--39
[]\OT1/cmr/m/n/10.95 Inrupt.  solid-client do-cu-men-ta-tion.  [][]$\OT1/cmtt/m
/n/10.95 https : / / docs . inrupt . com /
 []


Underfull \hbox (badness 5924) in paragraph at lines 47--52
[]\OT1/cmr/m/n/10.95 Sapna Ma-he-sh-wari.  The new york ti-mes, how fa-ke news 
goes vi-
 []

[49


])
Package atveryend Info: Empty hook `BeforeClearDocument' on input line 106.
 [50]
Package atveryend Info: Empty hook `AfterLastShipout' on input line 106.
 (./tesi.aux)
Package atveryend Info: Executing hook `AtVeryEndDocument' on input line 106.
Package atveryend Info: Executing hook `AtEndAfterFileList' on input line 106.
Package rerunfilecheck Info: File `tesi.out' has not changed.
(rerunfilecheck)             Checksum: BD2147859D852B0037499234C15D8B46;3213.


LaTeX Warning: There were multiply-defined labels.

Package atveryend Info: Empty hook `AtVeryVeryEnd' on input line 106.
 ) 
Here is how much of TeX's memory you used:
 8931 strings out of 482843
 130116 string characters out of 5956405
 426237 words of memory out of 5000000
 23980 multiletter control sequences out of 15000+600000
 541715 words of font info for 51 fonts, out of 8000000 for 9000
 14 hyphenation exceptions out of 8191
 43i,12n,48p,2949b,1226s stack positions out of 5000i,500n,10000p,200000b,80000s
 </home/carlo/.texlive2020/texmf-var/fonts/pk/ljfour/jknappen/ec/tcrm1095.600
pk></usr/share/texlive/texmf-dist/fonts/type1/public/amsfonts/cm/cmbx10.pfb></u
sr/share/texlive/texmf-dist/fonts/type1/public/amsfonts/cm/cmbx12.pfb></usr/sha
re/texlive/texmf-dist/fonts/type1/public/amsfonts/cm/cmcsc10.pfb></usr/share/te
xlive/texmf-dist/fonts/type1/public/amsfonts/cm/cmmi10.pfb></usr/share/texlive/
texmf-dist/fonts/type1/public/amsfonts/cm/cmr10.pfb></usr/share/texlive/texmf-d
ist/fonts/type1/public/amsfonts/cm/cmsy10.pfb></usr/share/texlive/texmf-dist/fo
nts/type1/public/amsfonts/cm/cmti12.pfb></usr/share/texlive/texmf-dist/fonts/ty
pe1/public/amsfonts/cm/cmtt10.pfb>
Output written on tesi.pdf (51 pages, 603448 bytes).
PDF statistics:
 617 PDF objects out of 1000 (max. 8388607)
 542 compressed objects within 6 object streams
 143 named destinations out of 1000 (max. 500000)
 349 words of extra memory for PDF output out of 10000 (max. 10000000)

